#
# There is insufficient memory for the Java Runtime Environment to continue.
# Native memory allocation (malloc) failed to allocate 1048576 bytes for AllocateHeap
# Possible reasons:
#   The system is out of physical RAM or swap space
#   The process is running with CompressedOops enabled, and the Java Heap may be blocking the growth of the native heap
# Possible solutions:
#   Reduce memory load on the system
#   Increase physical memory or swap space
#   Check if swap backing store is full
#   Decrease Java heap size (-Xmx/-Xms)
#   Decrease number of Java threads
#   Decrease Java thread stack sizes (-Xss)
#   Set larger code cache with -XX:ReservedCodeCacheSize=
#   JVM is running with Unscaled Compressed Oops mode in which the Java heap is
#     placed in the first 4GB address space. The Java Heap base address is the
#     maximum limit for the native heap growth. Please use -XX:HeapBaseMinAddress
#     to set the Java Heap base and to place the Java Heap above 4GB virtual address.
# This output file may be truncated or incomplete.
#
#  Out of Memory Error (src/hotspot/share/memory/allocation.cpp:46), pid=1892, tid=7952
#
# JRE version:  (11.0.14.1+1) (build )
# Java VM: OpenJDK 64-Bit Server VM (11.0.14.1+1-b2043.25, mixed mode, sharing, tiered, compressed oops, g1 gc, windows-amd64)
# No core dump will be written. Minidumps are not enabled by default on client versions of Windows
#

---------------  S U M M A R Y ------------

Command Line: git4idea.http.GitAskPassApp Username for 'https://github.com': 

Host: 11th Gen Intel(R) Core(TM) i5-1135G7 @ 2.40GHz, 8 cores, 7G,  Windows 10 , 64 bit Build 18362 (10.0.18362.329)
Time: Tue Dec  5 17:06:12 2023 Russia TZ 2 Standard Time elapsed time: 0.005536 seconds (0d 0h 0m 0s)

---------------  T H R E A D  ---------------

Current thread (0x0000026d8422c800):  JavaThread "Unknown thread" [_thread_in_vm, id=7952, stack(0x0000007528800000,0x0000007528900000)]

Stack: [0x0000007528800000,0x0000007528900000]
Native frames: (J=compiled Java code, j=interpreted, Vv=VM code, C=native code)
V  [jvm.dll+0x61618a]
V  [jvm.dll+0x79c450]
V  [jvm.dll+0x79da6d]
V  [jvm.dll+0x79e143]
V  [jvm.dll+0x24c968]
V  [jvm.dll+0xb8914]
V  [jvm.dll+0x2e1c08]
V  [jvm.dll+0x779077]
V  [jvm.dll+0x77a87c]
V  [jvm.dll+0x368d99]
V  [jvm.dll+0x75c9de]
V  [jvm.dll+0x3d6d53]
V  [jvm.dll+0x3d92f1]
C  [jli.dll+0x536b]
C  [ucrtbase.dll+0x20e72]
C  [KERNEL32.DLL+0x17bd4]
C  [ntdll.dll+0x6ced1]


---------------  P R O C E S S  ---------------

Threads class SMR info:
_java_thread_list=0x0000026d81fb6e90, length=0, elements={
}

Java Threads: ( => current thread )

Other Threads:

=>0x0000026d8422c800 (exited) JavaThread "Unknown thread" [_thread_in_vm, id=7952, stack(0x0000007528800000,0x0000007528900000)]

Threads with active compile tasks:

VM state:not at safepoint (not fully initialized)

VM Mutex/Monitor currently owned by a thread: None


[error occurred during error reporting (printing compressed oops mode), id 0xc0000005, EXCEPTION_ACCESS_VIOLATION (0xc0000005) at pc=0x00007ffb13c49ec7]

GC Heap History (0 events):
No events

Deoptimization events (0 events):
No events

Classes redefined (0 events):
No events

Internal exceptions (0 events):
No events

Events (1 events):
Event: 0.003 Loaded shared library C:\Program Files\JetBrains\IntelliJ IDEA Community Edition 2022.1\jbr\bin\zip.dll


Dynamic libraries:
0x00007ff7b9de0000 - 0x00007ff7b9dea000 	C:\Program Files\JetBrains\IntelliJ IDEA Community Edition 2022.1\jbr\bin\java.exe
0x00007ffb7a1c0000 - 0x00007ffb7a3b0000 	C:\Windows\SYSTEM32\ntdll.dll
0x00007ffb79f60000 - 0x00007ffb7a012000 	C:\Windows\System32\KERNEL32.DLL
0x00007ffb77600000 - 0x00007ffb778a3000 	C:\Windows\System32\KERNELBASE.dll
0x00007ffb781b0000 - 0x00007ffb782aa000 	C:\Windows\System32\ucrtbase.dll
0x00007ffb65090000 - 0x00007ffb650a6000 	C:\Program Files\JetBrains\IntelliJ IDEA Community Edition 2022.1\jbr\bin\VCRUNTIME140.dll
0x00007ffb605a0000 - 0x00007ffb605b9000 	C:\Program Files\JetBrains\IntelliJ IDEA Community Edition 2022.1\jbr\bin\jli.dll
0x00007ffb78a20000 - 0x00007ffb78bb4000 	C:\Windows\System32\USER32.dll
0x00007ffb775d0000 - 0x00007ffb775f1000 	C:\Windows\System32\win32u.dll
0x00007ffb64de0000 - 0x00007ffb65065000 	C:\Windows\WinSxS\amd64_microsoft.windows.common-controls_6595b64144ccf1df_6.0.18362.535_none_e6c3b34713100821\COMCTL32.dll
0x00007ffb78d60000 - 0x00007ffb78d86000 	C:\Windows\System32\GDI32.dll
0x00007ffb78da0000 - 0x00007ffb78e3e000 	C:\Windows\System32\msvcrt.dll
0x00007ffb77190000 - 0x00007ffb77324000 	C:\Windows\System32\gdi32full.dll
0x00007ffb79c20000 - 0x00007ffb79f56000 	C:\Windows\System32\combase.dll
0x00007ffb77530000 - 0x00007ffb775ce000 	C:\Windows\System32\msvcp_win.dll
0x00007ffb79130000 - 0x00007ffb79250000 	C:\Windows\System32\RPCRT4.dll
0x00007ffb77430000 - 0x00007ffb774b0000 	C:\Windows\System32\bcryptPrimitives.dll
0x00007ffb789d0000 - 0x00007ffb789fe000 	C:\Windows\System32\IMM32.DLL
0x00007ffb4ae40000 - 0x00007ffb4aeea000 	C:\Program Files\JetBrains\IntelliJ IDEA Community Edition 2022.1\jbr\bin\msvcp140.dll
0x00007ffb134d0000 - 0x00007ffb1404a000 	C:\Program Files\JetBrains\IntelliJ IDEA Community Edition 2022.1\jbr\bin\server\jvm.dll
0x00007ffb78cb0000 - 0x00007ffb78d53000 	C:\Windows\System32\ADVAPI32.dll
0x00007ffb79020000 - 0x00007ffb790b7000 	C:\Windows\System32\sechost.dll
0x00007ffb78ca0000 - 0x00007ffb78ca8000 	C:\Windows\System32\PSAPI.DLL
0x00007ffb74d40000 - 0x00007ffb74d64000 	C:\Windows\SYSTEM32\WINMM.dll
0x00007ffb60500000 - 0x00007ffb60509000 	C:\Windows\SYSTEM32\WSOCK32.dll
0x00007ffb71c20000 - 0x00007ffb71c2a000 	C:\Windows\SYSTEM32\VERSION.dll
0x00007ffb790c0000 - 0x00007ffb7912f000 	C:\Windows\System32\WS2_32.dll
0x00007ffb74d10000 - 0x00007ffb74d3d000 	C:\Windows\SYSTEM32\winmmbase.dll
0x00007ffb77330000 - 0x00007ffb7737a000 	C:\Windows\System32\cfgmgr32.dll
0x00007ffb77100000 - 0x00007ffb77111000 	C:\Windows\System32\kernel.appcore.dll
0x00007ffb55bd0000 - 0x00007ffb55be1000 	C:\Program Files\JetBrains\IntelliJ IDEA Community Edition 2022.1\jbr\bin\verify.dll
0x00007ffb759e0000 - 0x00007ffb75bd4000 	C:\Windows\SYSTEM32\DBGHELP.DLL
0x00007ffb611a0000 - 0x00007ffb611ca000 	C:\Windows\SYSTEM32\dbgcore.DLL
0x00007ffb55ba0000 - 0x00007ffb55bc9000 	C:\Program Files\JetBrains\IntelliJ IDEA Community Edition 2022.1\jbr\bin\java.dll
0x00007ffb72090000 - 0x00007ffb7209b000 	C:\Program Files\JetBrains\IntelliJ IDEA Community Edition 2022.1\jbr\bin\jimage.dll
0x00007ffb529e0000 - 0x00007ffb529f9000 	C:\Program Files\JetBrains\IntelliJ IDEA Community Edition 2022.1\jbr\bin\zip.dll

dbghelp: loaded successfully - version: 4.0.5 - missing functions: none
symbol engine: initialized successfully - sym options: 0x614 - pdb path: .;C:\Program Files\JetBrains\IntelliJ IDEA Community Edition 2022.1\jbr\bin;C:\Windows\SYSTEM32;C:\Windows\WinSxS\amd64_microsoft.windows.common-controls_6595b64144ccf1df_6.0.18362.535_none_e6c3b34713100821;C:\Program Files\JetBrains\IntelliJ IDEA Community Edition 2022.1\jbr\bin\server

VM Arguments:
java_command: git4idea.http.GitAskPassApp Username for 'https://github.com': 
java_class_path (initial): C:/Program Files/JetBrains/IntelliJ IDEA Community Edition 2022.1/plugins/git4idea/lib/git4idea-rt.jar;C:/Program Files/JetBrains/IntelliJ IDEA Community Edition 2022.1/lib/externalProcess-rt.jar;C:/Program Files/JetBrains/IntelliJ IDEA Community Edition 2022.1/lib/app.jar;C:/Program Files/JetBrains/IntelliJ IDEA Community Edition 2022.1/lib/3rd-party-rt.jar
Launcher Type: SUN_STANDARD

[Global flags]
     intx CICompilerCount                          = 4                                         {product} {ergonomic}
     uint G1ConcRefinementThreads                  = 8                                         {product} {ergonomic}
   size_t G1HeapRegionSize                         = 1048576                                   {product} {ergonomic}
    uintx GCDrainStackTargetSize                   = 64                                        {product} {ergonomic}
   size_t InitialHeapSize                          = 132120576                                 {product} {ergonomic}
   size_t MaxHeapSize                              = 2095054848                                {product} {ergonomic}
   size_t MinHeapDeltaBytes                        = 1048576                                   {product} {ergonomic}
    uintx NonNMethodCodeHeapSize                   = 5836300                                {pd product} {ergonomic}
    uintx NonProfiledCodeHeapSize                  = 122910970                              {pd product} {ergonomic}
    uintx ProfiledCodeHeapSize                     = 122910970                              {pd product} {ergonomic}
    uintx ReservedCodeCacheSize                    = 251658240                              {pd product} {ergonomic}
     bool SegmentedCodeCache                       = true                                      {product} {ergonomic}
     bool UseCompressedClassPointers               = true                                 {lp64_product} {ergonomic}
     bool UseCompressedOops                        = true                                 {lp64_product} {ergonomic}
     bool UseG1GC                                  = true                                      {product} {ergonomic}
     bool UseLargePagesIndividualAllocation        = false                                  {pd product} {ergonomic}

Logging:
Log output configuration:
 #0: stdout all=warning uptime,level,tags
 #1: stderr all=off uptime,level,tags

Environment Variables:
PATH=C:\Program Files\Git\mingw64\libexec\git-core;C:\Program Files\Git\mingw64\libexec\git-core;C:\Program Files\Git\mingw64\bin;C:\Program Files\Git\usr\bin;C:\Users\LENOVO\bin;C:\Program Files\Common Files\Oracle\Java\javapath;C:\Windows\system32;C:\Windows;C:\Windows\System32\Wbem;C:\Windows\System32\WindowsPowerShell\v1.0;C:\MinGW\bin;C:\Program Files\dotnet;C:\Program Files\Microsoft SQL Server\150\Tools\Binn;C:\Program Files\Microsoft SQL Server\Client SDK\ODBC\170\Tools\Binn;C:\Program Files\Git\cmd;C:\flutter\bin;C:\Program Files\MySQL\MySQL Shell 8.0\bin;C:\Users\LENOVO\AppData\Local\Programs\Python\Python312\Scripts;C:\Users\LENOVO\AppData\Local\Programs\Python\Python312;C:\Users\LENOVO\AppData\Local\Microsoft\WindowsApps;C:\Users\LENOVO\.dotnet\tools;C:\Users\LENOVO\AppData\Local\Programs\Microsoft VS Code\bin;C:\Users\LENOVO\AppData\Local\GitHubDesktop\bin;C:\Dart\dart-sdk\bin
USERNAME=LENOVO
DISPLAY=:0.0
LC_ALL=en_US.UTF-8
OS=Windows_NT
PROCESSOR_IDENTIFIER=Intel64 Family 6 Model 140 Stepping 1, GenuineIntel



---------------  S Y S T E M  ---------------

OS: Windows 10 , 64 bit Build 18362 (10.0.18362.329)
OS uptime: 0 days 6:09 hours

CPU:total 8 (initial active 8) (4 cores per cpu, 2 threads per core) family 6 model 140 stepping 1 microcode 0x8a, cmov, cx8, fxsr, mmx, sse, sse2, sse3, ssse3, sse4.1, sse4.2, popcnt, avx, avx2, aes, clmul, erms, 3dnowpref, lzcnt, ht, tsc, tscinvbit, bmi1, bmi2, adx, evex, sha, fma

Memory: 4k page, system-wide physical 7991M (421M free)
TotalPageFile size 7991M (AvailPageFile size 5M)
current process WorkingSet (physical memory assigned to process): 9M, peak: 9M
current process commit charge ("private bytes"): 12M, peak: 13M

vm_info: OpenJDK 64-Bit Server VM (11.0.14.1+1-b2043.25) for windows-amd64 JRE (11.0.14.1+1-b2043.25), built on Mar 30 2022 06:22:56 by "" with MS VC++ 14.0 (VS2015)

END.
