#
# There is insufficient memory for the Java Runtime Environment to continue.
# Native memory allocation (mmap) failed to map 132120576 bytes for Failed to commit area from 0x0000000083200000 to 0x000000008b000000 of length 132120576.
# Possible reasons:
#   The system is out of physical RAM or swap space
#   The process is running with CompressedOops enabled, and the Java Heap may be blocking the growth of the native heap
# Possible solutions:
#   Reduce memory load on the system
#   Increase physical memory or swap space
#   Check if swap backing store is full
#   Decrease Java heap size (-Xmx/-Xms)
#   Decrease number of Java threads
#   Decrease Java thread stack sizes (-Xss)
#   Set larger code cache with -XX:ReservedCodeCacheSize=
# This output file may be truncated or incomplete.
#
#  Out of Memory Error (src/hotspot/os/windows/os_windows.cpp:3624), pid=2900, tid=3304
#
# JRE version:  (11.0.14.1+1) (build )
# Java VM: OpenJDK 64-Bit Server VM (11.0.14.1+1-b2043.25, mixed mode, sharing, tiered, compressed oops, g1 gc, windows-amd64)
# No core dump will be written. Minidumps are not enabled by default on client versions of Windows
#

---------------  S U M M A R Y ------------

Command Line: git4idea.http.GitAskPassApp Username for 'https://github.com': 

Host: 11th Gen Intel(R) Core(TM) i5-1135G7 @ 2.40GHz, 8 cores, 7G,  Windows 10 , 64 bit Build 18362 (10.0.18362.329)
Time: Sat Dec  2 01:35:29 2023 Russia TZ 2 Standard Time elapsed time: 0.064621 seconds (0d 0h 0m 0s)

---------------  T H R E A D  ---------------

Current thread (0x000001b590f3c000):  JavaThread "Unknown thread" [_thread_in_vm, id=3304, stack(0x0000003fd9700000,0x0000003fd9800000)]

Stack: [0x0000003fd9700000,0x0000003fd9800000]
Native frames: (J=compiled Java code, j=interpreted, Vv=VM code, C=native code)
V  [jvm.dll+0x61618a]
V  [jvm.dll+0x79c450]
V  [jvm.dll+0x79da6d]
V  [jvm.dll+0x79e143]
V  [jvm.dll+0x24c968]
V  [jvm.dll+0x6131f4]
V  [jvm.dll+0x607ef5]
V  [jvm.dll+0x30b35b]
V  [jvm.dll+0x30b2ca]
V  [jvm.dll+0x30b1a2]
V  [jvm.dll+0x3100f6]
V  [jvm.dll+0x35b7e3]
V  [jvm.dll+0x35bee6]
V  [jvm.dll+0x35b8e3]
V  [jvm.dll+0x2e5b68]
V  [jvm.dll+0x2e6d17]
V  [jvm.dll+0x779087]
V  [jvm.dll+0x77a87c]
V  [jvm.dll+0x368d99]
V  [jvm.dll+0x75c9de]
V  [jvm.dll+0x3d6d53]
V  [jvm.dll+0x3d92f1]
C  [jli.dll+0x536b]
C  [ucrtbase.dll+0x20e72]
C  [KERNEL32.DLL+0x17bd4]
C  [ntdll.dll+0x6ced1]


---------------  P R O C E S S  ---------------

Threads class SMR info:
_java_thread_list=0x000001b590e66b00, length=0, elements={
}

Java Threads: ( => current thread )

Other Threads:
  0x000001b592f25800 GCTaskThread "GC Thread#0" [stack: 0x0000003fd9800000,0x0000003fd9900000] [id=7904]
  0x000001b592f56800 ConcurrentGCThread "G1 Main Marker" [stack: 0x0000003fd9900000,0x0000003fd9a00000] [id=6564]
  0x000001b592f58000 ConcurrentGCThread "G1 Conc#0" [stack: 0x0000003fd9a00000,0x0000003fd9b00000] [id=4344]

[error occurred during error reporting (printing all threads), id 0xc0000005, EXCEPTION_ACCESS_VIOLATION (0xc0000005) at pc=0x00007ffe54016177]

VM state:not at safepoint (not fully initialized)

VM Mutex/Monitor currently owned by a thread:  ([mutex/lock_event])
[0x000001b592f0ff60] Heap_lock - owner thread: 0x000001b590f3c000

Heap address: 0x0000000083200000, size: 1998 MB, Compressed Oops mode: Non-zero based: 0x0000000083200000
Narrow klass base: 0x0000000000000000, Narrow klass shift: 0

GC Heap History (0 events):
No events

Deoptimization events (0 events):
No events

Classes redefined (0 events):
No events

Internal exceptions (0 events):
No events

Events (1 events):
Event: 0.003 Loaded shared library C:\Program Files\JetBrains\IntelliJ IDEA Community Edition 2022.1\jbr\bin\zip.dll


Dynamic libraries:
0x00007ff798ab0000 - 0x00007ff798aba000 	C:\Program Files\JetBrains\IntelliJ IDEA Community Edition 2022.1\jbr\bin\java.exe
0x00007ffea6440000 - 0x00007ffea6630000 	C:\Windows\SYSTEM32\ntdll.dll
0x00007ffea5f30000 - 0x00007ffea5fe2000 	C:\Windows\System32\KERNEL32.DLL
0x00007ffea34c0000 - 0x00007ffea3763000 	C:\Windows\System32\KERNELBASE.dll
0x00007ffea37c0000 - 0x00007ffea38ba000 	C:\Windows\System32\ucrtbase.dll
0x00007ffe7e170000 - 0x00007ffe7e186000 	C:\Program Files\JetBrains\IntelliJ IDEA Community Edition 2022.1\jbr\bin\VCRUNTIME140.dll
0x00007ffe7e0b0000 - 0x00007ffe7e0c9000 	C:\Program Files\JetBrains\IntelliJ IDEA Community Edition 2022.1\jbr\bin\jli.dll
0x00007ffea4540000 - 0x00007ffea46d4000 	C:\Windows\System32\USER32.dll
0x00007ffea3490000 - 0x00007ffea34b1000 	C:\Windows\System32\win32u.dll
0x00007ffe91210000 - 0x00007ffe91495000 	C:\Windows\WinSxS\amd64_microsoft.windows.common-controls_6595b64144ccf1df_6.0.18362.535_none_e6c3b34713100821\COMCTL32.dll
0x00007ffea4ac0000 - 0x00007ffea4ae6000 	C:\Windows\System32\GDI32.dll
0x00007ffea4970000 - 0x00007ffea4a0e000 	C:\Windows\System32\msvcrt.dll
0x00007ffea4040000 - 0x00007ffea41d4000 	C:\Windows\System32\gdi32full.dll
0x00007ffea4290000 - 0x00007ffea432e000 	C:\Windows\System32\msvcp_win.dll
0x00007ffea5760000 - 0x00007ffea5a96000 	C:\Windows\System32\combase.dll
0x00007ffea4e00000 - 0x00007ffea4f20000 	C:\Windows\System32\RPCRT4.dll
0x00007ffea3410000 - 0x00007ffea3490000 	C:\Windows\System32\bcryptPrimitives.dll
0x00007ffea56b0000 - 0x00007ffea56de000 	C:\Windows\System32\IMM32.DLL
0x00007ffe3f3f0000 - 0x00007ffe3f49a000 	C:\Program Files\JetBrains\IntelliJ IDEA Community Edition 2022.1\jbr\bin\msvcp140.dll
0x00007ffe53d20000 - 0x00007ffe5489a000 	C:\Program Files\JetBrains\IntelliJ IDEA Community Edition 2022.1\jbr\bin\server\jvm.dll
0x00007ffea4a10000 - 0x00007ffea4ab3000 	C:\Windows\System32\ADVAPI32.dll
0x00007ffea5610000 - 0x00007ffea56a7000 	C:\Windows\System32\sechost.dll
0x00007ffea4530000 - 0x00007ffea4538000 	C:\Windows\System32\PSAPI.DLL
0x00007ffe8c640000 - 0x00007ffe8c649000 	C:\Windows\SYSTEM32\WSOCK32.dll
0x00007ffea1130000 - 0x00007ffea1154000 	C:\Windows\SYSTEM32\WINMM.dll
0x00007ffe9d670000 - 0x00007ffe9d67a000 	C:\Windows\SYSTEM32\VERSION.dll
0x00007ffea56e0000 - 0x00007ffea574f000 	C:\Windows\System32\WS2_32.dll
0x00007ffea1100000 - 0x00007ffea112d000 	C:\Windows\SYSTEM32\winmmbase.dll
0x00007ffea4390000 - 0x00007ffea43da000 	C:\Windows\System32\cfgmgr32.dll
0x00007ffea3360000 - 0x00007ffea3371000 	C:\Windows\System32\kernel.appcore.dll
0x00007ffe9f850000 - 0x00007ffe9f861000 	C:\Program Files\JetBrains\IntelliJ IDEA Community Edition 2022.1\jbr\bin\verify.dll
0x00007ffea1c30000 - 0x00007ffea1e24000 	C:\Windows\SYSTEM32\DBGHELP.DLL
0x00007ffe8d490000 - 0x00007ffe8d4ba000 	C:\Windows\SYSTEM32\dbgcore.DLL
0x00007ffe9f820000 - 0x00007ffe9f849000 	C:\Program Files\JetBrains\IntelliJ IDEA Community Edition 2022.1\jbr\bin\java.dll
0x00007ffe9f810000 - 0x00007ffe9f81b000 	C:\Program Files\JetBrains\IntelliJ IDEA Community Edition 2022.1\jbr\bin\jimage.dll
0x00007ffe9f7f0000 - 0x00007ffe9f809000 	C:\Program Files\JetBrains\IntelliJ IDEA Community Edition 2022.1\jbr\bin\zip.dll

dbghelp: loaded successfully - version: 4.0.5 - missing functions: none
symbol engine: initialized successfully - sym options: 0x614 - pdb path: .;C:\Program Files\JetBrains\IntelliJ IDEA Community Edition 2022.1\jbr\bin;C:\Windows\SYSTEM32;C:\Windows\WinSxS\amd64_microsoft.windows.common-controls_6595b64144ccf1df_6.0.18362.535_none_e6c3b34713100821;C:\Program Files\JetBrains\IntelliJ IDEA Community Edition 2022.1\jbr\bin\server

VM Arguments:
java_command: git4idea.http.GitAskPassApp Username for 'https://github.com': 
java_class_path (initial): C:/Program Files/JetBrains/IntelliJ IDEA Community Edition 2022.1/plugins/git4idea/lib/git4idea-rt.jar;C:/Program Files/JetBrains/IntelliJ IDEA Community Edition 2022.1/lib/externalProcess-rt.jar;C:/Program Files/JetBrains/IntelliJ IDEA Community Edition 2022.1/lib/app.jar;C:/Program Files/JetBrains/IntelliJ IDEA Community Edition 2022.1/lib/3rd-party-rt.jar
Launcher Type: SUN_STANDARD

[Global flags]
     intx CICompilerCount                          = 4                                         {product} {ergonomic}
     uint ConcGCThreads                            = 2                                         {product} {ergonomic}
     uint G1ConcRefinementThreads                  = 8                                         {product} {ergonomic}
   size_t G1HeapRegionSize                         = 1048576                                   {product} {ergonomic}
    uintx GCDrainStackTargetSize                   = 64                                        {product} {ergonomic}
   size_t InitialHeapSize                          = 132120576                                 {product} {ergonomic}
   size_t MarkStackSize                            = 4194304                                   {product} {ergonomic}
   size_t MaxHeapSize                              = 2095054848                                {product} {ergonomic}
   size_t MinHeapDeltaBytes                        = 1048576                                   {product} {ergonomic}
    uintx NonNMethodCodeHeapSize                   = 5836300                                {pd product} {ergonomic}
    uintx NonProfiledCodeHeapSize                  = 122910970                              {pd product} {ergonomic}
    uintx ProfiledCodeHeapSize                     = 122910970                              {pd product} {ergonomic}
    uintx ReservedCodeCacheSize                    = 251658240                              {pd product} {ergonomic}
     bool SegmentedCodeCache                       = true                                      {product} {ergonomic}
     bool UseCompressedClassPointers               = true                                 {lp64_product} {ergonomic}
     bool UseCompressedOops                        = true                                 {lp64_product} {ergonomic}
     bool UseG1GC                                  = true                                      {product} {ergonomic}
     bool UseLargePagesIndividualAllocation        = false                                  {pd product} {ergonomic}

Logging:
Log output configuration:
 #0: stdout all=warning uptime,level,tags
 #1: stderr all=off uptime,level,tags

Environment Variables:
PATH=C:\Program Files\Git\mingw64\libexec\git-core;C:\Program Files\Git\mingw64\libexec\git-core;C:\Program Files\Git\mingw64\bin;C:\Program Files\Git\usr\bin;C:\Users\LENOVO\bin;C:\Program Files\Common Files\Oracle\Java\javapath;C:\Windows\system32;C:\Windows;C:\Windows\System32\Wbem;C:\Windows\System32\WindowsPowerShell\v1.0;C:\MinGW\bin;C:\Program Files\dotnet;C:\Program Files\Microsoft SQL Server\150\Tools\Binn;C:\Program Files\Microsoft SQL Server\Client SDK\ODBC\170\Tools\Binn;C:\Program Files\Git\cmd;C:\flutter\bin;C:\Program Files\MySQL\MySQL Shell 8.0\bin;C:\Users\LENOVO\AppData\Local\Programs\Python\Python312\Scripts;C:\Users\LENOVO\AppData\Local\Programs\Python\Python312;C:\Users\LENOVO\AppData\Local\Microsoft\WindowsApps;C:\Users\LENOVO\.dotnet\tools;C:\Users\LENOVO\AppData\Local\Programs\Microsoft VS Code\bin;C:\Users\LENOVO\AppData\Local\GitHubDesktop\bin;C:\Dart\dart-sdk\bin
USERNAME=LENOVO
DISPLAY=:0.0
LC_ALL=en_US.UTF-8
OS=Windows_NT
PROCESSOR_IDENTIFIER=Intel64 Family 6 Model 140 Stepping 1, GenuineIntel



---------------  S Y S T E M  ---------------

OS: Windows 10 , 64 bit Build 18362 (10.0.18362.329)
OS uptime: 0 days 3:43 hours

CPU:total 8 (initial active 8) (4 cores per cpu, 2 threads per core) family 6 model 140 stepping 1 microcode 0x8a, cmov, cx8, fxsr, mmx, sse, sse2, sse3, ssse3, sse4.1, sse4.2, popcnt, avx, avx2, aes, clmul, erms, 3dnowpref, lzcnt, ht, tsc, tscinvbit, bmi1, bmi2, adx, evex, sha, fma

Memory: 4k page, system-wide physical 7991M (445M free)
TotalPageFile size 7991M (AvailPageFile size 39M)
current process WorkingSet (physical memory assigned to process): 10M, peak: 10M
current process commit charge ("private bytes"): 60M, peak: 186M

vm_info: OpenJDK 64-Bit Server VM (11.0.14.1+1-b2043.25) for windows-amd64 JRE (11.0.14.1+1-b2043.25), built on Mar 30 2022 06:22:56 by "" with MS VC++ 14.0 (VS2015)

END.
